<?xml version="1.0" encoding="UTF-8"?>
<testng-results ignored="0" total="1" passed="1" failed="0" skipped="0">
  <reporter-output>
  </reporter-output>
  <suite started-at="2023-02-06T16:16:56 IST" name="Suite" finished-at="2023-02-06T16:17:21 IST" duration-ms="25181">
    <groups>
    </groups>
    <test started-at="2023-02-06T16:16:56 IST" name="Test" finished-at="2023-02-06T16:17:21 IST" duration-ms="25181">
      <class name="Testcases1.Test1">
        <test-method signature="validattitle()[pri:0, instance:Testcases1.Test1@5a955565]" started-at="2023-02-06T16:16:56 IST" name="validattitle" finished-at="2023-02-06T16:17:21 IST" duration-ms="24862" status="PASS">
          <reporter-output>
          </reporter-output>
        </test-method> <!-- validattitle -->
      </class> <!-- Testcases1.Test1 -->
    </test> <!-- Test -->
  </suite> <!-- Suite -->
</testng-results>
